#
# There is insufficient memory for the Java Runtime Environment to continue.
# Native memory allocation (malloc) failed to allocate 61616 bytes for Chunk::new
# Possible reasons:
#   The system is out of physical RAM or swap space
#   In 32 bit mode, the process size limit was hit
# Possible solutions:
#   Reduce memory load on the system
#   Increase physical memory or swap space
#   Check if swap backing store is full
#   Use 64 bit Java on a 64 bit OS
#   Decrease Java heap size (-Xmx/-Xms)
#   Decrease number of Java threads
#   Decrease Java thread stack sizes (-Xss)
#   Set larger code cache with -XX:ReservedCodeCacheSize=
# This output file may be truncated or incomplete.
#
#  Out of Memory Error (allocation.cpp:323), pid=6596, tid=11204
#
# JRE version: Java(TM) SE Runtime Environment (7.0_45-b18) (build 1.7.0_45-b18)
# Java VM: Java HotSpot(TM) 64-Bit Server VM (24.45-b08 mixed mode windows-amd64 compressed oops)
# Failed to write core dump. Minidumps are not enabled by default on client versions of Windows
#

---------------  T H R E A D  ---------------

Current thread (0x0000000009c5c800):  JavaThread "C2 CompilerThread0" daemon [_thread_in_native, id=11204, stack(0x000000000a610000,0x000000000a710000)]

Stack: [0x000000000a610000,0x000000000a710000]

Current CompileTask:
C2:   2546   30             org.jsoup.parser.CharacterReader::consumeToAny (93 bytes)


---------------  P R O C E S S  ---------------

Java Threads: ( => current thread )
  0x0000000009db5800 JavaThread "Keep-Alive-Timer" daemon [_thread_blocked, id=6564, stack(0x000000000b180000,0x000000000b280000)]
  0x0000000009c6c000 JavaThread "Service Thread" daemon [_thread_blocked, id=11244, stack(0x000000000abc0000,0x000000000acc0000)]
  0x0000000009c62000 JavaThread "C2 CompilerThread1" daemon [_thread_blocked, id=8696, stack(0x000000000aab0000,0x000000000abb0000)]
=>0x0000000009c5c800 JavaThread "C2 CompilerThread0" daemon [_thread_in_native, id=11204, stack(0x000000000a610000,0x000000000a710000)]
  0x0000000009c4e000 JavaThread "JDWP Command Reader" daemon [_thread_in_native, id=2664, stack(0x000000000a930000,0x000000000aa30000)]
  0x0000000009c4b000 JavaThread "JDWP Event Helper Thread" daemon [_thread_blocked, id=10984, stack(0x000000000a720000,0x000000000a820000)]
  0x00000000085cc800 JavaThread "JDWP Transport Listener: dt_socket" daemon [_thread_blocked, id=11360, stack(0x000000000a4a0000,0x000000000a5a0000)]
  0x00000000085c7000 JavaThread "Attach Listener" daemon [_thread_blocked, id=8536, stack(0x0000000009b40000,0x0000000009c40000)]
  0x00000000085c0000 JavaThread "Signal Dispatcher" daemon [_thread_blocked, id=7816, stack(0x0000000009990000,0x0000000009a90000)]
  0x0000000008557000 JavaThread "Finalizer" daemon [_thread_blocked, id=10624, stack(0x00000000097c0000,0x00000000098c0000)]
  0x0000000008550000 JavaThread "Reference Handler" daemon [_thread_blocked, id=9412, stack(0x00000000095c0000,0x00000000096c0000)]
  0x000000000232f800 JavaThread "main" [_thread_in_native, id=1648, stack(0x0000000002360000,0x0000000002460000)]

Other Threads:
  0x000000000854c800 VMThread [stack: 0x00000000094b0000,0x00000000095b0000] [id=7688]
  0x0000000009c7a000 WatcherThread [stack: 0x000000000add0000,0x000000000aed0000] [id=11496]

VM state:synchronizing (normal execution)

VM Mutex/Monitor currently owned by a thread:  ([mutex/lock_event])
[0x000000000232cf00] Safepoint_lock - owner thread: 0x000000000854c800
[0x000000000232cf80] Threads_lock - owner thread: 0x000000000854c800

Heap
 PSYoungGen      total 18432K, used 7243K [0x00000000eb800000, 0x00000000ecc80000, 0x0000000100000000)
  eden space 15872K, 45% used [0x00000000eb800000,0x00000000ebf12da0,0x00000000ec780000)
  from space 2560K, 0% used [0x00000000eca00000,0x00000000eca00000,0x00000000ecc80000)
  to   space 2560K, 0% used [0x00000000ec780000,0x00000000ec780000,0x00000000eca00000)
 ParOldGen       total 41984K, used 0K [0x00000000c2800000, 0x00000000c5100000, 0x00000000eb800000)
  object space 41984K, 0% used [0x00000000c2800000,0x00000000c2800000,0x00000000c5100000)
 PSPermGen       total 21504K, used 4558K [0x00000000bd600000, 0x00000000beb00000, 0x00000000c2800000)
  object space 21504K, 21% used [0x00000000bd600000,0x00000000bda73930,0x00000000beb00000)

Card table byte_map: [0x0000000005640000,0x0000000005860000] byte_map_base: 0x0000000005055000

Polling page: 0x0000000000110000

Code Cache  [0x0000000002580000, 0x00000000027f0000, 0x0000000005580000)
 total_blobs=230 nmethods=31 adapters=160 free_code_cache=48678Kb largest_free_block=49824448

Compilation events (10 events):
Event: 1.474 Thread 0x0000000009c62000 nmethod 28 0x00000000025f3550 code [0x00000000025f36a0, 0x00000000025f3918]
Event: 1.493 Thread 0x0000000009c5c800 nmethod 25 0x00000000025f9990 code [0x00000000025f9be0, 0x00000000025fb0e8]
Event: 1.517 Thread 0x0000000009c62000   29             java.lang.String::equals (81 bytes)
Event: 1.518 Thread 0x0000000009c5c800   30             org.jsoup.parser.CharacterReader::consumeToAny (93 bytes)
Event: 1.522 Thread 0x0000000009c62000 nmethod 29 0x00000000025f2f50 code [0x00000000025f30a0, 0x00000000025f3378]
Event: 1.522 Thread 0x0000000009c62000   31             java.lang.Character::toLowerCase (9 bytes)
Event: 1.523 Thread 0x0000000009c62000 nmethod 31 0x00000000025f2b10 code [0x00000000025f2c60, 0x00000000025f2d98]
Event: 1.523 Thread 0x0000000009c62000   32             java.lang.CharacterDataLatin1::toLowerCase (39 bytes)
Event: 1.524 Thread 0x0000000009c62000 nmethod 32 0x00000000025f2890 code [0x00000000025f29c0, 0x00000000025f2a78]
Event: 1.524 Thread 0x0000000009c62000   33             java.lang.String::toLowerCase (472 bytes)

GC Heap History (0 events):
No events

Deoptimization events (4 events):
Event: 1.373 Thread 0x000000000232f800 Uncommon trap: reason=class_check action=maybe_recompile pc=0x00000000025e4a58 method=java.util.Properties$LineReader.readLine()I @ 62
Event: 1.374 Thread 0x000000000232f800 Uncommon trap: reason=class_check action=maybe_recompile pc=0x00000000025e4a58 method=java.util.Properties$LineReader.readLine()I @ 62
Event: 1.376 Thread 0x000000000232f800 Uncommon trap: reason=class_check action=maybe_recompile pc=0x00000000025e4a58 method=java.util.Properties$LineReader.readLine()I @ 62
Event: 1.380 Thread 0x000000000232f800 Uncommon trap: reason=class_check action=maybe_recompile pc=0x00000000025e4a58 method=java.util.Properties$LineReader.readLine()I @ 62

Internal exceptions (10 events):
Event: 1.488 Thread 0x000000000232f800 Threw 0x00000000ebd13968 at C:\re\jdk7u45\229\hotspot\src\share\vm\prims\jvm.cpp:1244
Event: 1.489 Thread 0x000000000232f800 Threw 0x00000000ebd16cd0 at C:\re\jdk7u45\229\hotspot\src\share\vm\prims\jvm.cpp:1244
Event: 1.491 Thread 0x000000000232f800 Threw 0x00000000ebd198a0 at C:\re\jdk7u45\229\hotspot\src\share\vm\prims\jvm.cpp:1244
Event: 1.492 Thread 0x000000000232f800 Threw 0x00000000ebd1c498 at C:\re\jdk7u45\229\hotspot\src\share\vm\prims\jvm.cpp:1244
Event: 1.502 Thread 0x000000000232f800 Threw 0x00000000ebd207b0 at C:\re\jdk7u45\229\hotspot\src\share\vm\prims\jvm.cpp:1244
Event: 1.504 Thread 0x000000000232f800 Threw 0x00000000ebd23868 at C:\re\jdk7u45\229\hotspot\src\share\vm\prims\jvm.cpp:1244
Event: 1.507 Thread 0x000000000232f800 Threw 0x00000000ebd287b0 at C:\re\jdk7u45\229\hotspot\src\share\vm\prims\jvm.cpp:1244
Event: 1.510 Thread 0x000000000232f800 Threw 0x00000000ebd2d9c8 at C:\re\jdk7u45\229\hotspot\src\share\vm\prims\jvm.cpp:1244
Event: 1.515 Thread 0x000000000232f800 Threw 0x00000000ebd37400 at C:\re\jdk7u45\229\hotspot\src\share\vm\prims\jvm.cpp:1244
Event: 1.516 Thread 0x000000000232f800 Threw 0x00000000ebd3ca60 at C:\re\jdk7u45\229\hotspot\src\share\vm\prims\jvm.cpp:1244

Events (10 events):
Event: 1.508 loading class 0x0000000009c7fed0
Event: 1.508 loading class 0x0000000009c7fed0 done
Event: 1.510 loading class 0x0000000009d44a70
Event: 1.510 loading class 0x0000000009d44a70 done
Event: 1.511 loading class 0x00000000022749b0
Event: 1.511 loading class 0x00000000022749b0 done
Event: 1.515 loading class 0x0000000009d31fc0
Event: 1.515 loading class 0x0000000009d31fc0 done
Event: 1.516 loading class 0x0000000009c97a50
Event: 1.516 loading class 0x0000000009c97a50 done


Dynamic libraries:
0x000000013fa70000 - 0x000000013faa3000 	C:\Program Files\Java\jre7\bin\javaw.exe
0x0000000076e50000 - 0x0000000076ff9000 	C:\Windows\SYSTEM32\ntdll.dll
0x0000000076bd0000 - 0x0000000076cef000 	C:\Windows\system32\kernel32.dll
0x000007fefd420000 - 0x000007fefd48c000 	C:\Windows\system32\KERNELBASE.dll
0x000007fefdf70000 - 0x000007fefe04b000 	C:\Windows\system32\ADVAPI32.dll
0x000007fefefd0000 - 0x000007feff06f000 	C:\Windows\system32\msvcrt.dll
0x000007fefd890000 - 0x000007fefd8af000 	C:\Windows\SYSTEM32\sechost.dll
0x000007fefde40000 - 0x000007fefdf6d000 	C:\Windows\system32\RPCRT4.dll
0x0000000076770000 - 0x000000007686a000 	C:\Windows\system32\USER32.dll
0x000007fefd8b0000 - 0x000007fefd917000 	C:\Windows\system32\GDI32.dll
0x000007feff070000 - 0x000007feff07e000 	C:\Windows\system32\LPK.dll
0x000007fefdd70000 - 0x000007fefde39000 	C:\Windows\system32\USP10.dll
0x000007fefbcd0000 - 0x000007fefbec4000 	C:\Windows\WinSxS\amd64_microsoft.windows.common-controls_6595b64144ccf1df_6.0.7601.17514_none_fa396087175ac9ac\COMCTL32.dll
0x000007fefdb10000 - 0x000007fefdb81000 	C:\Windows\system32\SHLWAPI.dll
0x000007fefd920000 - 0x000007fefd94e000 	C:\Windows\system32\IMM32.DLL
0x000007fefd950000 - 0x000007fefda59000 	C:\Windows\system32\MSCTF.dll
0x000007fefd270000 - 0x000007fefd2b0000 	C:\Windows\system32\nvinitx.dll
0x0000000062ca0000 - 0x0000000062d72000 	C:\Program Files\Java\jre7\bin\msvcr100.dll
0x00000000562c0000 - 0x0000000056a89000 	C:\Program Files\Java\jre7\bin\server\jvm.dll
0x000007fef7b00000 - 0x000007fef7b09000 	C:\Windows\system32\WSOCK32.dll
0x000007fefda60000 - 0x000007fefdaad000 	C:\Windows\system32\WS2_32.dll
0x000007fefe0f0000 - 0x000007fefe0f8000 	C:\Windows\system32\NSI.dll
0x000007fefb050000 - 0x000007fefb08b000 	C:\Windows\system32\WINMM.dll
0x0000000077020000 - 0x0000000077027000 	C:\Windows\system32\PSAPI.DLL
0x0000000064010000 - 0x000000006401f000 	C:\Program Files\Java\jre7\bin\verify.dll
0x0000000062c70000 - 0x0000000062c98000 	C:\Program Files\Java\jre7\bin\java.dll
0x00000000629d0000 - 0x0000000062a05000 	C:\Program Files\Java\jre7\bin\jdwp.dll
0x000000006d6c0000 - 0x000000006d6c8000 	C:\Program Files\Java\jre7\bin\npt.dll
0x0000000062c50000 - 0x0000000062c65000 	C:\Program Files\Java\jre7\bin\zip.dll
0x00000000655e0000 - 0x00000000655e9000 	C:\Program Files\Java\jre7\bin\dt_socket.dll
0x000007fefb2b0000 - 0x000007fefb2c5000 	C:\Windows\system32\NLAapi.dll
0x000007fef8a50000 - 0x000007fef8a65000 	C:\Windows\system32\napinsp.dll
0x000007fef8a30000 - 0x000007fef8a49000 	C:\Windows\system32\pnrpnsp.dll
0x000007fefcba0000 - 0x000007fefcbf5000 	C:\Windows\System32\mswsock.dll
0x000007fefca20000 - 0x000007fefca7b000 	C:\Windows\system32\DNSAPI.dll
0x000007fef8a20000 - 0x000007fef8a2b000 	C:\Windows\System32\winrnr.dll
0x000007fef89f0000 - 0x000007fef8a1f000 	C:\Program Files\Common Files\Microsoft Shared\Windows Live\WLIDNSP.DLL
0x000007fef89e0000 - 0x000007fef89f0000 	C:\Windows\system32\wshbth.dll
0x000007fef9d90000 - 0x000007fef9db7000 	C:\Windows\system32\IPHLPAPI.DLL
0x000007fef9d70000 - 0x000007fef9d7b000 	C:\Windows\system32\WINNSI.DLL
0x000007fef9c00000 - 0x000007fef9c53000 	C:\Windows\System32\fwpuclnt.dll
0x000007fef7d00000 - 0x000007fef7d08000 	C:\Windows\system32\rasadhlp.dll
0x000007fefc430000 - 0x000007fefc437000 	C:\Windows\System32\wshtcpip.dll
0x0000000062de0000 - 0x0000000062df9000 	C:\Program Files\Java\jre7\bin\net.dll
0x000007fefcb90000 - 0x000007fefcb97000 	C:\Windows\System32\wship6.dll

VM Arguments:
jvm_args: -agentlib:jdwp=transport=dt_socket,suspend=y,address=localhost:54964 -Dfile.encoding=UTF-8 
java_command: zufangHtmlParser.RentHtmlParserTest
Launcher Type: SUN_STANDARD

Environment Variables:
JAVA_HOME=C:\Program Files\Java\jdk1.7.0_45
CLASSPATH=.;C:\Program Files\Java\jdk1.7.0_45\lib;C:\Program Files\Java\jdk1.7.0_45\lib\tools.jar
PATH=D:\oracle\product\10.2.0\db_1\bin;2046;D:\Program Files (x86)\ActiveState Komodo Edit 8\;C:\Program Files (x86)\NVIDIA Corporation\PhysX\Common;C:\Program Files (x86)\Intel\iCLS Client\;C:\Program Files\Intel\iCLS Client\;C:\Program Files\Common Files\Microsoft Shared\Windows Live;C:\Program Files (x86)\Common Files\Microsoft Shared\Windows Live;C:\Windows\system32;C:\Windows;C:\Windows\System32\Wbem;C:\Windows\System32\WindowsPowerShell\v1.0\;C:\Program Files (x86)\Windows Live\Shared;C:\Program Files (x86)\Intel\OpenCL SDK\2.0\bin\x86;C:\Program Files (x86)\Intel\OpenCL SDK\2.0\bin\x64;C:\Program Files\Intel\Intel(R) Management Engine Components\DAL;C:\Program Files\Intel\Intel(R) Management Engine Components\IPT;C:\Program Files (x86)\Intel\Intel(R) Management Engine Components\DAL;C:\Program Files (x86)\Intel\Intel(R) Management Engine Components\IPT;C:\Program Files (x86)\MySQL\MySQL Utilities 1.3.5\;C:\Program Files (x86)\Microsoft SQL Server\100\Tools\Binn\;C:\Program Files\Microsoft SQL Server\100\Tools\Binn\;C:\Program Files\Microsoft SQL Server\100\DTS\Binn\;D:\Program Files\TortoiseGit\bin;D:\Program Files\SASHome\Secure;D:\Program Files\SASHome\x86\Secure;C:\Python27;C:\Python27\Scripts;C:\Program Files\Java\jdk1.7.0_45\bin;C:\Program Files\Java\jdk1.7.0_45\jre\bin;D:\PHP;
USERNAME=linpingta
OS=Windows_NT
PROCESSOR_IDENTIFIER=Intel64 Family 6 Model 58 Stepping 9, GenuineIntel



---------------  S Y S T E M  ---------------

OS: Windows 7 , 64 bit Build 7601 Service Pack 1

CPU:total 4 (2 cores per cpu, 2 threads per core) family 6 model 58 stepping 9, cmov, cx8, fxsr, mmx, sse, sse2, sse3, ssse3, sse4.1, sse4.2, popcnt, avx, aes, erms, ht, tsc, tscinvbit, tscinv

Memory: 4k page, physical 4028780k(1174856k free), swap 8242632k(64464k free)

vm_info: Java HotSpot(TM) 64-Bit Server VM (24.45-b08) for windows-amd64 JRE (1.7.0_45-b18), built on Oct  8 2013 05:47:22 by "java_re" with unknown MS VC++:1600

time: Wed Dec 25 08:54:45 2013
elapsed time: 2 seconds

